Unity Editor version:    2021.2.9f1 (921b45a28ab6)
Branch:                  2021.2/staging
Build type:              Release
Batch mode:              YES
macOS version:           Version 12.1 (Build 21C52)
Darwin version:          21.2.0
Architecture:            arm64
Running under Rosetta:   NO
Available memory:        8192 MB
Using pre-set license
Pro License: NO

COMMAND LINE ARGUMENTS:
/Applications/Unity/Hub/Editor/2021.2.9f1/Unity.app/Contents/MacOS/Unity
-adb2
-batchMode
-noUpm
-name
AssetImportWorker0
-projectPath
/Users/cjturetzky/Documents/Unity/CST326_Platformer
-logFile
Logs/AssetImportWorker0.log
-srvPort
51078
Successfully changed project path to: /Users/cjturetzky/Documents/Unity/CST326_Platformer
/Users/cjturetzky/Documents/Unity/CST326_Platformer
[UnityMemory] Configuration Parameters - Can be set up in boot.config
    "memorysetup-bucket-allocator-granularity=16"
    "memorysetup-bucket-allocator-bucket-count=8"
    "memorysetup-bucket-allocator-block-size=33554432"
    "memorysetup-bucket-allocator-block-count=8"
    "memorysetup-main-allocator-block-size=16777216"
    "memorysetup-thread-allocator-block-size=16777216"
    "memorysetup-gfx-main-allocator-block-size=16777216"
    "memorysetup-gfx-thread-allocator-block-size=16777216"
    "memorysetup-cache-allocator-block-size=4194304"
    "memorysetup-typetree-allocator-block-size=2097152"
    "memorysetup-profiler-bucket-allocator-granularity=16"
    "memorysetup-profiler-bucket-allocator-bucket-count=8"
    "memorysetup-profiler-bucket-allocator-block-size=33554432"
    "memorysetup-profiler-bucket-allocator-block-count=8"
    "memorysetup-profiler-allocator-block-size=16777216"
    "memorysetup-profiler-editor-allocator-block-size=1048576"
    "memorysetup-temp-allocator-size-main=16777216"
    "memorysetup-job-temp-allocator-block-size=2097152"
    "memorysetup-job-temp-allocator-block-size-background=1048576"
    "memorysetup-job-temp-allocator-reduction-small-platforms=262144"
    "memorysetup-temp-allocator-size-background-worker=32768"
    "memorysetup-temp-allocator-size-job-worker=262144"
    "memorysetup-temp-allocator-size-preload-manager=33554432"
    "memorysetup-temp-allocator-size-nav-mesh-worker=65536"
    "memorysetup-temp-allocator-size-audio-worker=65536"
    "memorysetup-temp-allocator-size-cloud-worker=32768"
    "memorysetup-temp-allocator-size-gi-baking-worker=262144"
    "memorysetup-temp-allocator-size-gfx=262144"
Refreshing native plugins compatible for Editor in 157.20 ms, found 2 plugins.
Preloading 0 native plugins for Editor in 0.00 ms.
Initialize engine version: 2021.2.9f1 (921b45a28ab6)
[Subsystems] Discovering subsystems at path /Applications/Unity/Hub/Editor/2021.2.9f1/Unity.app/Contents/Resources/UnitySubsystems
[Subsystems] Discovering subsystems at path /Users/cjturetzky/Documents/Unity/CST326_Platformer/Assets
GfxDevice: creating device client; threaded=0; jobified=0
 preferred device: Apple M1 (high power)
Metal devices available: 1
0: Apple M1 (high power)
Using device Apple M1 (high power)
Initializing Metal device caps: Apple M1
Initialize mono
Mono path[0] = '/Applications/Unity/Hub/Editor/2021.2.9f1/Unity.app/Contents/Managed'
Mono path[1] = '/Applications/Unity/Hub/Editor/2021.2.9f1/Unity.app/Contents/MonoBleedingEdge/lib/mono/unityjit-macos'
Mono config path = '/Applications/Unity/Hub/Editor/2021.2.9f1/Unity.app/Contents/MonoBleedingEdge/etc'
Using monoOptions --debugger-agent=transport=dt_socket,embedding=1,server=y,suspend=n,address=127.0.0.1:56722
Begin MonoManager ReloadAssembly
Registering precompiled unity dll's ...
Register platform support module: /Applications/Unity/Hub/Editor/2021.2.9f1/Unity.app/Contents/PlaybackEngines/MacStandaloneSupport/UnityEditor.OSXStandalone.Extensions.dll
Registered in 0.002094 seconds.
Native extension for OSXStandalone target not found
Refreshing native plugins compatible for Editor in 108.38 ms, found 2 plugins.
Preloading 0 native plugins for Editor in 0.00 ms.
Mono: successfully reloaded assembly
- Completed reload, in  0.616 seconds
Domain Reload Profiling:
	ReloadAssembly (617ms)
		BeginReloadAssembly (74ms)
			ExecutionOrderSort (0ms)
			DisableScriptedObjects (0ms)
			BackupInstance (0ms)
			ReleaseScriptingObjects (0ms)
			CreateAndSetChildDomain (1ms)
		EndReloadAssembly (463ms)
			LoadAssemblies (74ms)
			RebuildTransferFunctionScriptingTraits (0ms)
			SetupTypeCache (107ms)
			ReleaseScriptCaches (0ms)
			RebuildScriptCaches (28ms)
			SetupLoadedEditorAssemblies (284ms)
				LogAssemblyErrors (0ms)
				InitializePlatformSupportModulesInManaged (10ms)
				SetLoadedEditorAssemblies (0ms)
				RefreshPlugins (108ms)
				BeforeProcessingInitializeOnLoad (2ms)
				ProcessInitializeOnLoadAttributes (125ms)
				ProcessInitializeOnLoadMethodAttributes (38ms)
				AfterProcessingInitializeOnLoad (0ms)
				EditorAssembliesLoaded (0ms)
			ExecutionOrderSort2 (0ms)
			AwakeInstancesAfterBackupRestoration (0ms)
Platform modules already initialized, skipping
Registering precompiled user dll's ...
Registered in 0.006685 seconds.
Begin MonoManager ReloadAssembly
Symbol file LoadedFromMemory doesn't match image /Users/cjturetzky/Documents/Unity/CST326_Platformer/Library/PackageCache/com.unity.visualscripting@1.7.6/Editor/VisualScripting.Core/Dependencies/YamlDotNet/Unity.VisualScripting.YamlDotNet.dll
Symbol file LoadedFromMemory doesn't match image /Users/cjturetzky/Documents/Unity/CST326_Platformer/Library/PackageCache/com.unity.visualscripting@1.7.6/Editor/VisualScripting.Core/Dependencies/DotNetZip/Unity.VisualScripting.IonicZip.dll
Native extension for OSXStandalone target not found
Refreshing native plugins compatible for Editor in 0.40 ms, found 2 plugins.
Preloading 0 native plugins for Editor in 0.00 ms.
Mono: successfully reloaded assembly
- Completed reload, in  0.902 seconds
Domain Reload Profiling:
	ReloadAssembly (902ms)
		BeginReloadAssembly (75ms)
			ExecutionOrderSort (0ms)
			DisableScriptedObjects (5ms)
			BackupInstance (0ms)
			ReleaseScriptingObjects (0ms)
			CreateAndSetChildDomain (18ms)
		EndReloadAssembly (740ms)
			LoadAssemblies (56ms)
			RebuildTransferFunctionScriptingTraits (0ms)
			SetupTypeCache (264ms)
			ReleaseScriptCaches (0ms)
			RebuildScriptCaches (48ms)
			SetupLoadedEditorAssemblies (324ms)
				LogAssemblyErrors (0ms)
				InitializePlatformSupportModulesInManaged (7ms)
				SetLoadedEditorAssemblies (0ms)
				RefreshPlugins (0ms)
				BeforeProcessingInitializeOnLoad (84ms)
				ProcessInitializeOnLoadAttributes (210ms)
				ProcessInitializeOnLoadMethodAttributes (20ms)
				AfterProcessingInitializeOnLoad (2ms)
				EditorAssembliesLoaded (0ms)
			ExecutionOrderSort2 (0ms)
			AwakeInstancesAfterBackupRestoration (3ms)
Platform modules already initialized, skipping
========================================================================
Worker process is ready to serve import requests
Launching external process: /Applications/Unity/Hub/Editor/2021.2.9f1/Unity.app/Contents/Tools/UnityShaderCompiler
Launched and connected shader compiler UnityShaderCompiler after 0.34 seconds
Refreshing native plugins compatible for Editor in 0.46 ms, found 2 plugins.
Preloading 0 native plugins for Editor in 0.00 ms.
Unloading 3235 Unused Serialized files (Serialized files now loaded: 0)
Unloading 26 unused Assets / (96.1 KB). Loaded Objects now: 3692.
Memory consumption went from 223.2 MB to 223.1 MB.
Total: 3.163250 ms (FindLiveObjects: 0.160625 ms CreateObjectMapping: 0.058000 ms MarkObjects: 2.869916 ms  DeleteObjects: 0.074084 ms)

AssetImportParameters requested are different than current active one (requested -> active):
  custom:video-decoder-ogg-theora: a1e56fd34408186e4bbccfd4996cb3dc -> 
  custom:container-muxer-webm: aa71ff27fc2769a1b78a27578f13a17b -> 
  custom:container-demuxer-webm: 4f35f7cbe854078d1ac9338744f61a02 -> 
  custom:video-encoder-webm-vp8: eb34c28f22e8b96e1ab97ce403110664 -> 
  custom:framework-osx-AVFoundation: e770b220cccbd017edd2c1fefb359320 -> 
  custom:audio-encoder-webm-vorbis: bf7c407c2cedff20999df2af8eb42d56 -> 
  custom:container-demuxer-ogg: 62fdf1f143b41e24485cea50d1cbac27 -> 
  custom:video-decoder-webm-vp8: 9c59270c3fd7afecdb556c50c9e8de78 -> 
  custom:audio-decoder-ogg-vorbis: bf7c407c2cedff20999df2af8eb42d56 -> 
========================================================================
Received Import Request.
  Time since last request: 546223.069387 seconds.
  path: Assets/Resources
  artifactKey: Guid(fd2a2a27d4e877342b5f3bf9d80bd047) Importer(815301076,1909f56bfc062723c751e8b465ee728b)
Start importing Assets/Resources using Guid(fd2a2a27d4e877342b5f3bf9d80bd047) Importer(815301076,1909f56bfc062723c751e8b465ee728b)  -> (artifact id: 'a30c998ecece01c75eea81e7ca2cd4dd') in 0.006208 seconds 
========================================================================
Received Import Request.
  Time since last request: 20.465037 seconds.
  path: Assets/Resources/mario
  artifactKey: Guid(ed439aa005b334ed3ab2de8fba44aefc) Importer(815301076,1909f56bfc062723c751e8b465ee728b)
Start importing Assets/Resources/mario using Guid(ed439aa005b334ed3ab2de8fba44aefc) Importer(815301076,1909f56bfc062723c751e8b465ee728b)  -> (artifact id: '9a774291ae3638b91e32050f10ef91b3') in 0.001759 seconds 
========================================================================
Received Import Request.
  Time since last request: 1.009047 seconds.
  path: Assets/Resources/mario/source
  artifactKey: Guid(5c1f396f0c3004288b0980c7ac5248dc) Importer(815301076,1909f56bfc062723c751e8b465ee728b)
Start importing Assets/Resources/mario/source using Guid(5c1f396f0c3004288b0980c7ac5248dc) Importer(815301076,1909f56bfc062723c751e8b465ee728b)  -> (artifact id: '7025ae7294508b6877a6877d33d41e49') in 0.001509 seconds 
========================================================================
Received Import Request.
  Time since last request: 0.070599 seconds.
  path: Assets/Resources/mario/source/Mario.blend
  artifactKey: Guid(3c64161a79acd4d8cb0b4d1e6cd41a3e) Importer(815301076,1909f56bfc062723c751e8b465ee728b)
Start importing Assets/Resources/mario/source/Mario.blend using Guid(3c64161a79acd4d8cb0b4d1e6cd41a3e) Importer(815301076,1909f56bfc062723c751e8b465ee728b)  -> (artifact id: 'd275affe98608e8547f986fe5d58d00b') in 1.124888 seconds 
========================================================================
Received Import Request.
  Time since last request: 324.990725 seconds.
  path: Assets/Resources/mario/textures
  artifactKey: Guid(d9c47a71145c84e1292d02df7297c33a) Importer(815301076,1909f56bfc062723c751e8b465ee728b)
Start importing Assets/Resources/mario/textures using Guid(d9c47a71145c84e1292d02df7297c33a) Importer(815301076,1909f56bfc062723c751e8b465ee728b)  -> (artifact id: 'fbf13ff36d9052fa51db32c4a49eacbb') in 0.001794 seconds 
========================================================================
Received Import Request.
  Time since last request: 0.039377 seconds.
  path: Assets/Resources/mario/textures/0x3a9ea2d0.png
  artifactKey: Guid(eb7973af9967d4363893eda99028b293) Importer(815301076,1909f56bfc062723c751e8b465ee728b)
Start importing Assets/Resources/mario/textures/0x3a9ea2d0.png using Guid(eb7973af9967d4363893eda99028b293) Importer(815301076,1909f56bfc062723c751e8b465ee728b)  -> (artifact id: '11a538709791a1d5c9f52c18829785ab') in 0.565308 seconds 
========================================================================
Received Import Request.
  Time since last request: 0.000122 seconds.
  path: Assets/Resources/mario/textures/0x97a24f16.png
  artifactKey: Guid(2eae075f3e7ba4dee963323a4dc14abf) Importer(815301076,1909f56bfc062723c751e8b465ee728b)
Start importing Assets/Resources/mario/textures/0x97a24f16.png using Guid(2eae075f3e7ba4dee963323a4dc14abf) Importer(815301076,1909f56bfc062723c751e8b465ee728b)  -> (artifact id: '15cb494df873519bad889793bee8a8c8') in 0.007843 seconds 
========================================================================
Received Import Request.
  Time since last request: 0.000037 seconds.
  path: Assets/Resources/mario/textures/0x63ae8ee.png
  artifactKey: Guid(a754202718e674aea85a4e627d27f324) Importer(815301076,1909f56bfc062723c751e8b465ee728b)
Start importing Assets/Resources/mario/textures/0x63ae8ee.png using Guid(a754202718e674aea85a4e627d27f324) Importer(815301076,1909f56bfc062723c751e8b465ee728b)  -> (artifact id: 'a1055367b2ffc2eefb49fd77b0855068') in 0.006915 seconds 
========================================================================
Received Import Request.
  Time since last request: 0.000038 seconds.
  path: Assets/Resources/mario/textures/0xbc4e9ae5.png
  artifactKey: Guid(ac7a13bfa55354f119c10c78e7cbf31c) Importer(815301076,1909f56bfc062723c751e8b465ee728b)
Start importing Assets/Resources/mario/textures/0xbc4e9ae5.png using Guid(ac7a13bfa55354f119c10c78e7cbf31c) Importer(815301076,1909f56bfc062723c751e8b465ee728b)  -> (artifact id: 'a3ac0ac2a8cafcb97b4e44d73380ddcf') in 0.006802 seconds 
========================================================================
Received Import Request.
  Time since last request: 0.000046 seconds.
  path: Assets/Resources/mario/textures/0x74d26d3e.png
  artifactKey: Guid(0a3c6f58e006741088baaa320bdd3f17) Importer(815301076,1909f56bfc062723c751e8b465ee728b)
Start importing Assets/Resources/mario/textures/0x74d26d3e.png using Guid(0a3c6f58e006741088baaa320bdd3f17) Importer(815301076,1909f56bfc062723c751e8b465ee728b)  -> (artifact id: '719ca9f310ddb65b95fbb3a2bfb73df1') in 0.008291 seconds 
========================================================================
Received Import Request.
  Time since last request: 0.000039 seconds.
  path: Assets/Resources/mario/textures/0x4d3babbc.png
  artifactKey: Guid(c91d9237e37d5459fb72aa991a44c381) Importer(815301076,1909f56bfc062723c751e8b465ee728b)
Start importing Assets/Resources/mario/textures/0x4d3babbc.png using Guid(c91d9237e37d5459fb72aa991a44c381) Importer(815301076,1909f56bfc062723c751e8b465ee728b)  -> (artifact id: '94002d515467dfa8e38f1b3760a616ab') in 0.006308 seconds 
========================================================================
Received Import Request.
  Time since last request: 0.000046 seconds.
  path: Assets/Resources/mario/textures/0x4c506d2f.png
  artifactKey: Guid(ff7e67297453f44d7acf523f87471c67) Importer(815301076,1909f56bfc062723c751e8b465ee728b)
Start importing Assets/Resources/mario/textures/0x4c506d2f.png using Guid(ff7e67297453f44d7acf523f87471c67) Importer(815301076,1909f56bfc062723c751e8b465ee728b)  -> (artifact id: '069846d6c1d5a47899c4e81a8f364090') in 0.006004 seconds 
========================================================================
Received Import Request.
  Time since last request: 474.014208 seconds.
  path: Assets/Resources/mario/source/New Folder
  artifactKey: Guid(e5a9198f6dc6442a19823ed81129f08f) Importer(815301076,1909f56bfc062723c751e8b465ee728b)
Start importing Assets/Resources/mario/source/New Folder using Guid(e5a9198f6dc6442a19823ed81129f08f) Importer(815301076,1909f56bfc062723c751e8b465ee728b)  -> (artifact id: 'b865da434f730d8e75d27b143de9f761') in 0.004793 seconds 
========================================================================
Received Import Request.
  Time since last request: 23.779837 seconds.
  path: Assets/Platformer/Animations
  artifactKey: Guid(9d35ed7c9a9fb450d8ce7a61c0cb6eae) Importer(815301076,1909f56bfc062723c751e8b465ee728b)
Start importing Assets/Platformer/Animations using Guid(9d35ed7c9a9fb450d8ce7a61c0cb6eae) Importer(815301076,1909f56bfc062723c751e8b465ee728b)  -> (artifact id: '161b6543bef58e0cdc07067cc12bf9dd') in 0.001466 seconds 
========================================================================
Received Import Request.
  Time since last request: 20.224544 seconds.
  path: Assets/Platformer/Animations/xbot@Standard Idle.fbx
  artifactKey: Guid(58390940dd8464d24878cb63790d0856) Importer(815301076,1909f56bfc062723c751e8b465ee728b)
Start importing Assets/Platformer/Animations/xbot@Standard Idle.fbx using Guid(58390940dd8464d24878cb63790d0856) Importer(815301076,1909f56bfc062723c751e8b465ee728b)  -> (artifact id: 'ee925d2fe90d25958e3c3a7e965917fc') in 0.095946 seconds 
========================================================================
Received Import Request.
  Time since last request: 126.495651 seconds.
  path: Assets/Platformer/Scripts/RigidBodyCharacterController.cs
  artifactKey: Guid(db0773b348a464c78a24fcfd1d40d0b7) Importer(815301076,1909f56bfc062723c751e8b465ee728b)
Start importing Assets/Platformer/Scripts/RigidBodyCharacterController.cs using Guid(db0773b348a464c78a24fcfd1d40d0b7) Importer(815301076,1909f56bfc062723c751e8b465ee728b)  -> (artifact id: 'a1530051b93a57a7b4d8bc47cab40a5d') in 0.153900 seconds 
AssetImportWorkerClient::OnTransportError - code=2 error=End of file
